--------------------------------
 Commenced = Thu Jun 13 14:21:42 2024 
 Author    = David McGuinness <david.mcguinness.2@glasgow.ac.uk>
 Command   = /home/davidmcguinness/.fair/data/jobs/2024-06-13_14_21_42_958995/script.sh
--------------------------------
[NbConvertApp] Converting notebook Image_and_Script/simple_analysis.ipynb to html
[NbConvertApp] Writing 280810 bytes to Image_and_Script/Image_and_Script/simple_analysis.html
Traceback (most recent call last):
  File "/home/davidmcguinness/.local/bin/jupyter-nbconvert", line 8, in <module>
    sys.exit(main())
  File "/home/davidmcguinness/.local/lib/python3.10/site-packages/jupyter_core/application.py", line 283, in launch_instance
    super().launch_instance(argv=argv, **kwargs)
  File "/home/davidmcguinness/.local/lib/python3.10/site-packages/traitlets/config/application.py", line 1075, in launch_instance
    app.start()
  File "/home/davidmcguinness/.local/lib/python3.10/site-packages/nbconvert/nbconvertapp.py", line 420, in start
    self.convert_notebooks()
  File "/home/davidmcguinness/.local/lib/python3.10/site-packages/nbconvert/nbconvertapp.py", line 597, in convert_notebooks
    self.convert_single_notebook(notebook_filename)
  File "/home/davidmcguinness/.local/lib/python3.10/site-packages/nbconvert/nbconvertapp.py", line 566, in convert_single_notebook
    write_results = self.write_single_notebook(output, resources)
  File "/home/davidmcguinness/.local/lib/python3.10/site-packages/nbconvert/nbconvertapp.py", line 526, in write_single_notebook
    return self.writer.write(output, resources, notebook_name=notebook_name)
  File "/home/davidmcguinness/.local/lib/python3.10/site-packages/nbconvert/writers/files.py", line 152, in write
    with open(dest_path, "w", encoding="utf-8") as f:
FileNotFoundError: [Errno 2] No such file or directory: 'Image_and_Script/Image_and_Script/simple_analysis.html'
------- time taken 0:00:03.423989 -------
